[0.362s] Invoking command in '/home/a/theimagingsource_ros/src/stereocam_publisher': PYTHONPATH=/home/a/theimagingsource_ros/build/stereocam_publisher/prefix_override:/home/a/theimagingsource_ros/install/stereocam_publisher/lib/python3.10/site-packages:${PYTHONPATH} /usr/bin/python3 setup.py egg_info --egg-base ../../build/stereocam_publisher build --build-base /home/a/theimagingsource_ros/build/stereocam_publisher/build install --record /home/a/theimagingsource_ros/build/stereocam_publisher/install.log --single-version-externally-managed
[0.478s] running egg_info
[0.478s] writing ../../build/stereocam_publisher/stereocam_publisher.egg-info/PKG-INFO
[0.478s] writing dependency_links to ../../build/stereocam_publisher/stereocam_publisher.egg-info/dependency_links.txt
[0.479s] writing entry points to ../../build/stereocam_publisher/stereocam_publisher.egg-info/entry_points.txt
[0.479s] writing requirements to ../../build/stereocam_publisher/stereocam_publisher.egg-info/requires.txt
[0.479s] writing top-level names to ../../build/stereocam_publisher/stereocam_publisher.egg-info/top_level.txt
[0.480s] reading manifest file '../../build/stereocam_publisher/stereocam_publisher.egg-info/SOURCES.txt'
[0.480s] writing manifest file '../../build/stereocam_publisher/stereocam_publisher.egg-info/SOURCES.txt'
[0.480s] running build
[0.480s] running build_py
[0.480s] running install
[0.481s] running install_lib
[0.481s] running install_data
[0.482s] copying launch/launch.py -> /home/a/theimagingsource_ros/install/stereocam_publisher/share/stereocam_publisher/launch
[0.482s] running install_egg_info
[0.483s] removing '/home/a/theimagingsource_ros/install/stereocam_publisher/lib/python3.10/site-packages/stereocam_publisher-0.0.0-py3.10.egg-info' (and everything under it)
[0.484s] Copying ../../build/stereocam_publisher/stereocam_publisher.egg-info to /home/a/theimagingsource_ros/install/stereocam_publisher/lib/python3.10/site-packages/stereocam_publisher-0.0.0-py3.10.egg-info
[0.484s] running install_scripts
[0.496s] Installing leftcamera_publisher script to /home/a/theimagingsource_ros/install/stereocam_publisher/lib/stereocam_publisher
[0.501s] Installing rightcamera_publisher script to /home/a/theimagingsource_ros/install/stereocam_publisher/lib/stereocam_publisher
[0.501s] writing list of installed files to '/home/a/theimagingsource_ros/build/stereocam_publisher/install.log'
[0.520s] Invoked command in '/home/a/theimagingsource_ros/src/stereocam_publisher' returned '0': PYTHONPATH=/home/a/theimagingsource_ros/build/stereocam_publisher/prefix_override:/home/a/theimagingsource_ros/install/stereocam_publisher/lib/python3.10/site-packages:${PYTHONPATH} /usr/bin/python3 setup.py egg_info --egg-base ../../build/stereocam_publisher build --build-base /home/a/theimagingsource_ros/build/stereocam_publisher/build install --record /home/a/theimagingsource_ros/build/stereocam_publisher/install.log --single-version-externally-managed
