[0.252s] DEBUG:colcon:Command line arguments: ['/usr/bin/colcon', 'build']
[0.253s] DEBUG:colcon:Parsed command line arguments: Namespace(log_base=None, log_level=None, verb_name='build', build_base='build', install_base='install', merge_install=False, symlink_install=False, test_result_base=None, continue_on_error=False, executor='parallel', parallel_workers=2, event_handlers=None, ignore_user_meta=False, metas=['./colcon.meta'], base_paths=['.'], packages_ignore=None, packages_ignore_regex=None, paths=None, packages_up_to=None, packages_up_to_regex=None, packages_above=None, packages_above_and_dependencies=None, packages_above_depth=None, packages_select_by_dep=None, packages_skip_by_dep=None, packages_skip_up_to=None, packages_select_build_failed=False, packages_skip_build_finished=False, packages_select_test_failures=False, packages_skip_test_passed=False, packages_select=None, packages_skip=None, packages_select_regex=None, packages_skip_regex=None, packages_start=None, packages_end=None, allow_overriding=[], cmake_args=None, cmake_target=None, cmake_target_skip_unavailable=False, cmake_clean_cache=False, cmake_clean_first=False, cmake_force_configure=False, ament_cmake_args=None, catkin_cmake_args=None, catkin_skip_building_tests=False, verb_parser=<colcon_defaults.argument_parser.defaults.DefaultArgumentsDecorator object at 0xffff9cf4e290>, verb_extension=<colcon_core.verb.build.BuildVerb object at 0xffff9d07e3b0>, main=<bound method BuildVerb.main of <colcon_core.verb.build.BuildVerb object at 0xffff9d07e3b0>>)
[0.268s] Level 1:colcon.colcon_core.package_discovery:discover_packages(colcon_meta) check parameters
[0.269s] Level 1:colcon.colcon_core.package_discovery:discover_packages(recursive) check parameters
[0.269s] Level 1:colcon.colcon_core.package_discovery:discover_packages(ignore) check parameters
[0.269s] Level 1:colcon.colcon_core.package_discovery:discover_packages(path) check parameters
[0.269s] Level 1:colcon.colcon_core.package_discovery:discover_packages(colcon_meta) discover
[0.269s] Level 1:colcon.colcon_core.package_discovery:discover_packages(recursive) discover
[0.269s] INFO:colcon.colcon_core.package_discovery:Crawling recursively for packages in '/home/a/Downloads/Telegram Desktop/ros2_humble_docker/theimagingsource_ros/leftcampublisher'
[0.269s] Level 1:colcon.colcon_core.package_identification:_identify(.) by extensions ['ignore', 'ignore_ament_install']
[0.269s] Level 1:colcon.colcon_core.package_identification:_identify(.) by extension 'ignore'
[0.269s] Level 1:colcon.colcon_core.package_identification:_identify(.) by extension 'ignore_ament_install'
[0.269s] Level 1:colcon.colcon_core.package_identification:_identify(.) by extensions ['colcon_pkg']
[0.269s] Level 1:colcon.colcon_core.package_identification:_identify(.) by extension 'colcon_pkg'
[0.269s] Level 1:colcon.colcon_core.package_identification:_identify(.) by extensions ['colcon_meta']
[0.269s] Level 1:colcon.colcon_core.package_identification:_identify(.) by extension 'colcon_meta'
[0.269s] Level 1:colcon.colcon_core.package_identification:_identify(.) by extensions ['ros']
[0.269s] Level 1:colcon.colcon_core.package_identification:_identify(.) by extension 'ros'
[0.278s] DEBUG:colcon.colcon_core.package_identification:Found ROS schema reference in package manifest in '.'
[0.278s] WARNING:colcon.colcon_core.package_identification:Failed to parse ROS package manifest in '.': Error(s) in package './package.xml':
Package name "leftcampublisher/" does not follow naming conventions
[0.279s] Level 1:colcon.colcon_core.package_identification:_identify(.) by extensions ['cmake', 'python']
[0.279s] Level 1:colcon.colcon_core.package_identification:_identify(.) by extension 'cmake'
[0.279s] Level 1:colcon.colcon_core.package_identification:_identify(.) by extension 'python'
[0.279s] DEBUG:colcon.colcon_core.package_identification:Python package in '.' passes arguments to the setup() function which requires a different identification extension than 'python'
[0.279s] Level 1:colcon.colcon_core.package_identification:_identify(.) by extensions ['python_setup_py']
[0.279s] Level 1:colcon.colcon_core.package_identification:_identify(.) by extension 'python_setup_py'
[0.410s] DEBUG:colcon.colcon_core.package_identification:Package '.' with type 'python' and name 'leftcampublisher'
[0.410s] Level 1:colcon.colcon_core.package_discovery:discover_packages(recursive) using defaults
[0.410s] Level 1:colcon.colcon_core.package_discovery:discover_packages(ignore) discover
[0.410s] Level 1:colcon.colcon_core.package_discovery:discover_packages(ignore) using defaults
[0.410s] Level 1:colcon.colcon_core.package_discovery:discover_packages(path) discover
[0.410s] Level 1:colcon.colcon_core.package_discovery:discover_packages(path) using defaults
[0.432s] Level 1:colcon.colcon_core.package_discovery:discover_packages(prefix_path) check parameters
[0.432s] Level 1:colcon.colcon_core.package_discovery:discover_packages(prefix_path) discover
[0.436s] DEBUG:colcon.colcon_installed_package_information.package_discovery:Found 270 installed packages in /opt/ros/humble
[0.437s] Level 1:colcon.colcon_core.package_discovery:discover_packages(prefix_path) using defaults
[0.473s] Level 5:colcon.colcon_core.verb:set package 'leftcampublisher' build argument 'cmake_args' from command line to 'None'
[0.473s] Level 5:colcon.colcon_core.verb:set package 'leftcampublisher' build argument 'cmake_target' from command line to 'None'
[0.473s] Level 5:colcon.colcon_core.verb:set package 'leftcampublisher' build argument 'cmake_target_skip_unavailable' from command line to 'False'
[0.473s] Level 5:colcon.colcon_core.verb:set package 'leftcampublisher' build argument 'cmake_clean_cache' from command line to 'False'
[0.473s] Level 5:colcon.colcon_core.verb:set package 'leftcampublisher' build argument 'cmake_clean_first' from command line to 'False'
[0.473s] Level 5:colcon.colcon_core.verb:set package 'leftcampublisher' build argument 'cmake_force_configure' from command line to 'False'
[0.473s] Level 5:colcon.colcon_core.verb:set package 'leftcampublisher' build argument 'ament_cmake_args' from command line to 'None'
[0.473s] Level 5:colcon.colcon_core.verb:set package 'leftcampublisher' build argument 'catkin_cmake_args' from command line to 'None'
[0.473s] Level 5:colcon.colcon_core.verb:set package 'leftcampublisher' build argument 'catkin_skip_building_tests' from command line to 'False'
[0.473s] DEBUG:colcon.colcon_core.verb:Building package 'leftcampublisher' with the following arguments: {'ament_cmake_args': None, 'build_base': '/home/a/Downloads/Telegram Desktop/ros2_humble_docker/theimagingsource_ros/leftcampublisher/build/leftcampublisher', 'catkin_cmake_args': None, 'catkin_skip_building_tests': False, 'cmake_args': None, 'cmake_clean_cache': False, 'cmake_clean_first': False, 'cmake_force_configure': False, 'cmake_target': None, 'cmake_target_skip_unavailable': False, 'install_base': '/home/a/Downloads/Telegram Desktop/ros2_humble_docker/theimagingsource_ros/leftcampublisher/install/leftcampublisher', 'merge_install': False, 'path': '/home/a/Downloads/Telegram Desktop/ros2_humble_docker/theimagingsource_ros/leftcampublisher', 'symlink_install': False, 'test_result_base': None}
[0.474s] INFO:colcon.colcon_core.executor:Executing jobs using 'parallel' executor
[0.478s] DEBUG:colcon.colcon_parallel_executor.executor.parallel:run_until_complete
[0.479s] INFO:colcon.colcon_core.task.python.build:Building Python package in '/home/a/Downloads/Telegram Desktop/ros2_humble_docker/theimagingsource_ros/leftcampublisher'
[0.482s] INFO:colcon.colcon_core.plugin_system:Skipping extension 'colcon_core.shell.bat': Not used on non-Windows systems
[0.482s] INFO:colcon.colcon_core.shell:Skip shell extension 'powershell' for command environment: Not usable outside of PowerShell
[0.482s] DEBUG:colcon.colcon_core.shell:Skip shell extension 'dsv' for command environment
[0.793s] DEBUG:colcon.colcon_core.event_handler.log_command:Invoking command in '/home/a/Downloads/Telegram Desktop/ros2_humble_docker/theimagingsource_ros/leftcampublisher': PYTHONPATH=/home/a/Downloads/Telegram Desktop/ros2_humble_docker/theimagingsource_ros/leftcampublisher/build/leftcampublisher/prefix_override:/home/a/Downloads/Telegram Desktop/ros2_humble_docker/theimagingsource_ros/leftcampublisher/install/leftcampublisher/lib/python3.10/site-packages:${PYTHONPATH} /usr/bin/python3 setup.py egg_info --egg-base build/leftcampublisher build --build-base /home/a/Downloads/Telegram Desktop/ros2_humble_docker/theimagingsource_ros/leftcampublisher/build/leftcampublisher/build install --record /home/a/Downloads/Telegram Desktop/ros2_humble_docker/theimagingsource_ros/leftcampublisher/build/leftcampublisher/install.log --single-version-externally-managed
[0.936s] DEBUG:colcon.colcon_core.event_handler.log_command:Invoked command in '/home/a/Downloads/Telegram Desktop/ros2_humble_docker/theimagingsource_ros/leftcampublisher' returned '0': PYTHONPATH=/home/a/Downloads/Telegram Desktop/ros2_humble_docker/theimagingsource_ros/leftcampublisher/build/leftcampublisher/prefix_override:/home/a/Downloads/Telegram Desktop/ros2_humble_docker/theimagingsource_ros/leftcampublisher/install/leftcampublisher/lib/python3.10/site-packages:${PYTHONPATH} /usr/bin/python3 setup.py egg_info --egg-base build/leftcampublisher build --build-base /home/a/Downloads/Telegram Desktop/ros2_humble_docker/theimagingsource_ros/leftcampublisher/build/leftcampublisher/build install --record /home/a/Downloads/Telegram Desktop/ros2_humble_docker/theimagingsource_ros/leftcampublisher/build/leftcampublisher/install.log --single-version-externally-managed
[0.939s] Level 1:colcon.colcon_core.environment:checking '/home/a/Downloads/Telegram Desktop/ros2_humble_docker/theimagingsource_ros/leftcampublisher/install/leftcampublisher' for CMake module files
[0.939s] Level 1:colcon.colcon_core.environment:checking '/home/a/Downloads/Telegram Desktop/ros2_humble_docker/theimagingsource_ros/leftcampublisher/install/leftcampublisher' for CMake config files
[0.939s] Level 1:colcon.colcon_core.environment:checking '/home/a/Downloads/Telegram Desktop/ros2_humble_docker/theimagingsource_ros/leftcampublisher/install/leftcampublisher/lib'
[0.939s] Level 1:colcon.colcon_core.environment:checking '/home/a/Downloads/Telegram Desktop/ros2_humble_docker/theimagingsource_ros/leftcampublisher/install/leftcampublisher/bin'
[0.939s] Level 1:colcon.colcon_core.environment:checking '/home/a/Downloads/Telegram Desktop/ros2_humble_docker/theimagingsource_ros/leftcampublisher/install/leftcampublisher/lib/pkgconfig/leftcampublisher.pc'
[0.940s] Level 1:colcon.colcon_core.environment:checking '/home/a/Downloads/Telegram Desktop/ros2_humble_docker/theimagingsource_ros/leftcampublisher/install/leftcampublisher/lib/python3.10/site-packages'
[0.940s] Level 1:colcon.colcon_core.shell:create_environment_hook('leftcampublisher', 'pythonpath')
[0.941s] INFO:colcon.colcon_core.shell:Creating environment hook '/home/a/Downloads/Telegram Desktop/ros2_humble_docker/theimagingsource_ros/leftcampublisher/install/leftcampublisher/share/leftcampublisher/hook/pythonpath.ps1'
[0.942s] INFO:colcon.colcon_core.shell:Creating environment descriptor '/home/a/Downloads/Telegram Desktop/ros2_humble_docker/theimagingsource_ros/leftcampublisher/install/leftcampublisher/share/leftcampublisher/hook/pythonpath.dsv'
[0.942s] INFO:colcon.colcon_core.shell:Creating environment hook '/home/a/Downloads/Telegram Desktop/ros2_humble_docker/theimagingsource_ros/leftcampublisher/install/leftcampublisher/share/leftcampublisher/hook/pythonpath.sh'
[0.942s] Level 1:colcon.colcon_core.environment:checking '/home/a/Downloads/Telegram Desktop/ros2_humble_docker/theimagingsource_ros/leftcampublisher/install/leftcampublisher/bin'
[0.942s] Level 1:colcon.colcon_core.environment:create_environment_scripts_only(leftcampublisher)
[0.944s] INFO:colcon.colcon_core.shell:Creating package script '/home/a/Downloads/Telegram Desktop/ros2_humble_docker/theimagingsource_ros/leftcampublisher/install/leftcampublisher/share/leftcampublisher/package.ps1'
[0.944s] INFO:colcon.colcon_core.shell:Creating package descriptor '/home/a/Downloads/Telegram Desktop/ros2_humble_docker/theimagingsource_ros/leftcampublisher/install/leftcampublisher/share/leftcampublisher/package.dsv'
[0.945s] INFO:colcon.colcon_core.shell:Creating package script '/home/a/Downloads/Telegram Desktop/ros2_humble_docker/theimagingsource_ros/leftcampublisher/install/leftcampublisher/share/leftcampublisher/package.sh'
[0.945s] INFO:colcon.colcon_core.shell:Creating package script '/home/a/Downloads/Telegram Desktop/ros2_humble_docker/theimagingsource_ros/leftcampublisher/install/leftcampublisher/share/leftcampublisher/package.bash'
[0.946s] INFO:colcon.colcon_core.shell:Creating package script '/home/a/Downloads/Telegram Desktop/ros2_humble_docker/theimagingsource_ros/leftcampublisher/install/leftcampublisher/share/leftcampublisher/package.zsh'
[0.946s] Level 1:colcon.colcon_core.environment:create_file_with_runtime_dependencies(/home/a/Downloads/Telegram Desktop/ros2_humble_docker/theimagingsource_ros/leftcampublisher/install/leftcampublisher/share/colcon-core/packages/leftcampublisher)
[0.946s] DEBUG:colcon.colcon_parallel_executor.executor.parallel:closing loop
[0.946s] DEBUG:colcon.colcon_parallel_executor.executor.parallel:loop closed
[0.947s] DEBUG:colcon.colcon_parallel_executor.executor.parallel:run_until_complete finished with '0'
[0.947s] DEBUG:colcon.colcon_core.event_reactor:joining thread
[0.951s] INFO:colcon.colcon_core.plugin_system:Skipping extension 'colcon_notification.desktop_notification.terminal_notifier': Not used on non-Darwin systems
[0.951s] INFO:colcon.colcon_core.plugin_system:Skipping extension 'colcon_notification.desktop_notification.win32': Not used on non-Windows systems
[0.951s] INFO:colcon.colcon_notification.desktop_notification:Sending desktop notification using 'notify2'
[0.959s] DEBUG:colcon.colcon_core.event_reactor:joined thread
[0.962s] INFO:colcon.colcon_core.shell:Creating prefix script '/home/a/Downloads/Telegram Desktop/ros2_humble_docker/theimagingsource_ros/leftcampublisher/install/local_setup.ps1'
[0.962s] INFO:colcon.colcon_core.shell:Creating prefix util module '/home/a/Downloads/Telegram Desktop/ros2_humble_docker/theimagingsource_ros/leftcampublisher/install/_local_setup_util_ps1.py'
[0.963s] INFO:colcon.colcon_core.shell:Creating prefix chain script '/home/a/Downloads/Telegram Desktop/ros2_humble_docker/theimagingsource_ros/leftcampublisher/install/setup.ps1'
[0.966s] INFO:colcon.colcon_core.shell:Creating prefix script '/home/a/Downloads/Telegram Desktop/ros2_humble_docker/theimagingsource_ros/leftcampublisher/install/local_setup.sh'
[0.966s] INFO:colcon.colcon_core.shell:Creating prefix util module '/home/a/Downloads/Telegram Desktop/ros2_humble_docker/theimagingsource_ros/leftcampublisher/install/_local_setup_util_sh.py'
[0.966s] INFO:colcon.colcon_core.shell:Creating prefix chain script '/home/a/Downloads/Telegram Desktop/ros2_humble_docker/theimagingsource_ros/leftcampublisher/install/setup.sh'
[0.969s] INFO:colcon.colcon_core.shell:Creating prefix script '/home/a/Downloads/Telegram Desktop/ros2_humble_docker/theimagingsource_ros/leftcampublisher/install/local_setup.bash'
[0.969s] INFO:colcon.colcon_core.shell:Creating prefix chain script '/home/a/Downloads/Telegram Desktop/ros2_humble_docker/theimagingsource_ros/leftcampublisher/install/setup.bash'
[0.971s] INFO:colcon.colcon_core.shell:Creating prefix script '/home/a/Downloads/Telegram Desktop/ros2_humble_docker/theimagingsource_ros/leftcampublisher/install/local_setup.zsh'
[0.972s] INFO:colcon.colcon_core.shell:Creating prefix chain script '/home/a/Downloads/Telegram Desktop/ros2_humble_docker/theimagingsource_ros/leftcampublisher/install/setup.zsh'
