[0.405s] Invoking command in '/home/a/Downloads/Telegram Desktop/ros2_humble_docker/theimagingsource_ros/src/stereocam_publisher': PYTHONPATH=/home/a/Downloads/Telegram Desktop/ros2_humble_docker/theimagingsource_ros/build/stereocam_publisher/prefix_override:/home/a/Downloads/Telegram Desktop/ros2_humble_docker/theimagingsource_ros/install/stereocam_publisher/lib/python3.10/site-packages:${PYTHONPATH} /usr/bin/python3 setup.py egg_info --egg-base ../../build/stereocam_publisher build --build-base /home/a/Downloads/Telegram Desktop/ros2_humble_docker/theimagingsource_ros/build/stereocam_publisher/build install --record /home/a/Downloads/Telegram Desktop/ros2_humble_docker/theimagingsource_ros/build/stereocam_publisher/install.log --single-version-externally-managed
[0.546s] running egg_info
[0.547s] creating ../../build/stereocam_publisher/stereocam_publisher.egg-info
[0.547s] writing ../../build/stereocam_publisher/stereocam_publisher.egg-info/PKG-INFO
[0.548s] writing dependency_links to ../../build/stereocam_publisher/stereocam_publisher.egg-info/dependency_links.txt
[0.548s] writing entry points to ../../build/stereocam_publisher/stereocam_publisher.egg-info/entry_points.txt
[0.548s] writing requirements to ../../build/stereocam_publisher/stereocam_publisher.egg-info/requires.txt
[0.548s] writing top-level names to ../../build/stereocam_publisher/stereocam_publisher.egg-info/top_level.txt
[0.548s] writing manifest file '../../build/stereocam_publisher/stereocam_publisher.egg-info/SOURCES.txt'
[0.549s] reading manifest file '../../build/stereocam_publisher/stereocam_publisher.egg-info/SOURCES.txt'
[0.550s] writing manifest file '../../build/stereocam_publisher/stereocam_publisher.egg-info/SOURCES.txt'
[0.550s] running build
[0.550s] running build_py
[0.550s] creating /home/a/Downloads/Telegram Desktop/ros2_humble_docker/theimagingsource_ros/build/stereocam_publisher/build
[0.550s] creating /home/a/Downloads/Telegram Desktop/ros2_humble_docker/theimagingsource_ros/build/stereocam_publisher/build/lib
[0.550s] creating /home/a/Downloads/Telegram Desktop/ros2_humble_docker/theimagingsource_ros/build/stereocam_publisher/build/lib/stereocam_publisher
[0.550s] copying stereocam_publisher/__init__.py -> /home/a/Downloads/Telegram Desktop/ros2_humble_docker/theimagingsource_ros/build/stereocam_publisher/build/lib/stereocam_publisher
[0.550s] running install
[0.550s] running install_lib
[0.550s] creating /home/a/Downloads/Telegram Desktop/ros2_humble_docker/theimagingsource_ros/install/stereocam_publisher/lib/python3.10/site-packages/stereocam_publisher
[0.551s] copying /home/a/Downloads/Telegram Desktop/ros2_humble_docker/theimagingsource_ros/build/stereocam_publisher/build/lib/stereocam_publisher/__init__.py -> /home/a/Downloads/Telegram Desktop/ros2_humble_docker/theimagingsource_ros/install/stereocam_publisher/lib/python3.10/site-packages/stereocam_publisher
[0.551s] byte-compiling /home/a/Downloads/Telegram Desktop/ros2_humble_docker/theimagingsource_ros/install/stereocam_publisher/lib/python3.10/site-packages/stereocam_publisher/__init__.py to __init__.cpython-310.pyc
[0.551s] running install_data
[0.551s] creating /home/a/Downloads/Telegram Desktop/ros2_humble_docker/theimagingsource_ros/install/stereocam_publisher/share/ament_index
[0.551s] creating /home/a/Downloads/Telegram Desktop/ros2_humble_docker/theimagingsource_ros/install/stereocam_publisher/share/ament_index/resource_index
[0.551s] creating /home/a/Downloads/Telegram Desktop/ros2_humble_docker/theimagingsource_ros/install/stereocam_publisher/share/ament_index/resource_index/packages
[0.551s] copying resource/stereocam_publisher -> /home/a/Downloads/Telegram Desktop/ros2_humble_docker/theimagingsource_ros/install/stereocam_publisher/share/ament_index/resource_index/packages
[0.551s] copying package.xml -> /home/a/Downloads/Telegram Desktop/ros2_humble_docker/theimagingsource_ros/install/stereocam_publisher/share/stereocam_publisher
[0.551s] creating /home/a/Downloads/Telegram Desktop/ros2_humble_docker/theimagingsource_ros/install/stereocam_publisher/theimagingsource
[0.551s] creating /home/a/Downloads/Telegram Desktop/ros2_humble_docker/theimagingsource_ros/install/stereocam_publisher/theimagingsource/launch
[0.552s] running install_egg_info
[0.552s] Copying ../../build/stereocam_publisher/stereocam_publisher.egg-info to /home/a/Downloads/Telegram Desktop/ros2_humble_docker/theimagingsource_ros/install/stereocam_publisher/lib/python3.10/site-packages/stereocam_publisher-0.0.0-py3.10.egg-info
[0.553s] running install_scripts
[0.566s] writing list of installed files to '/home/a/Downloads/Telegram Desktop/ros2_humble_docker/theimagingsource_ros/build/stereocam_publisher/install.log'
[0.580s] Invoked command in '/home/a/Downloads/Telegram Desktop/ros2_humble_docker/theimagingsource_ros/src/stereocam_publisher' returned '0': PYTHONPATH=/home/a/Downloads/Telegram Desktop/ros2_humble_docker/theimagingsource_ros/build/stereocam_publisher/prefix_override:/home/a/Downloads/Telegram Desktop/ros2_humble_docker/theimagingsource_ros/install/stereocam_publisher/lib/python3.10/site-packages:${PYTHONPATH} /usr/bin/python3 setup.py egg_info --egg-base ../../build/stereocam_publisher build --build-base /home/a/Downloads/Telegram Desktop/ros2_humble_docker/theimagingsource_ros/build/stereocam_publisher/build install --record /home/a/Downloads/Telegram Desktop/ros2_humble_docker/theimagingsource_ros/build/stereocam_publisher/install.log --single-version-externally-managed
