[0.379s] Invoking command in '/home/a/theimagingsource_ros/src/stereocam_publisher': PYTHONPATH=/home/a/theimagingsource_ros/build/stereocam_publisher/prefix_override:/home/a/theimagingsource_ros/install/stereocam_publisher/lib/python3.10/site-packages:${PYTHONPATH} /usr/bin/python3 setup.py egg_info --egg-base ../../build/stereocam_publisher build --build-base /home/a/theimagingsource_ros/build/stereocam_publisher/build install --record /home/a/theimagingsource_ros/build/stereocam_publisher/install.log --single-version-externally-managed
[0.505s] running egg_info
[0.505s] writing ../../build/stereocam_publisher/stereocam_publisher.egg-info/PKG-INFO
[0.506s] writing dependency_links to ../../build/stereocam_publisher/stereocam_publisher.egg-info/dependency_links.txt
[0.506s] writing entry points to ../../build/stereocam_publisher/stereocam_publisher.egg-info/entry_points.txt
[0.506s] writing requirements to ../../build/stereocam_publisher/stereocam_publisher.egg-info/requires.txt
[0.506s] writing top-level names to ../../build/stereocam_publisher/stereocam_publisher.egg-info/top_level.txt
[0.507s] reading manifest file '../../build/stereocam_publisher/stereocam_publisher.egg-info/SOURCES.txt'
[0.508s] writing manifest file '../../build/stereocam_publisher/stereocam_publisher.egg-info/SOURCES.txt'
[0.508s] running build
[0.508s] running build_py
[0.508s] running install
[0.508s] running install_lib
[0.509s] running install_data
[0.509s] copying launch/launch.py -> /home/a/theimagingsource_ros/install/stereocam_publisher/share/stereocam_publisher/launch
[0.510s] creating /home/a/theimagingsource_ros/install/stereocam_publisher/share/stereocam_publisher/config
[0.510s] copying config/nodes_config.yaml -> /home/a/theimagingsource_ros/install/stereocam_publisher/share/stereocam_publisher/config
[0.510s] running install_egg_info
[0.511s] removing '/home/a/theimagingsource_ros/install/stereocam_publisher/lib/python3.10/site-packages/stereocam_publisher-0.0.0-py3.10.egg-info' (and everything under it)
[0.511s] Copying ../../build/stereocam_publisher/stereocam_publisher.egg-info to /home/a/theimagingsource_ros/install/stereocam_publisher/lib/python3.10/site-packages/stereocam_publisher-0.0.0-py3.10.egg-info
[0.512s] running install_scripts
[0.523s] Installing leftcamera_publisher script to /home/a/theimagingsource_ros/install/stereocam_publisher/lib/stereocam_publisher
[0.524s] Installing rightcamera_publisher script to /home/a/theimagingsource_ros/install/stereocam_publisher/lib/stereocam_publisher
[0.524s] writing list of installed files to '/home/a/theimagingsource_ros/build/stereocam_publisher/install.log'
[0.552s] Invoked command in '/home/a/theimagingsource_ros/src/stereocam_publisher' returned '0': PYTHONPATH=/home/a/theimagingsource_ros/build/stereocam_publisher/prefix_override:/home/a/theimagingsource_ros/install/stereocam_publisher/lib/python3.10/site-packages:${PYTHONPATH} /usr/bin/python3 setup.py egg_info --egg-base ../../build/stereocam_publisher build --build-base /home/a/theimagingsource_ros/build/stereocam_publisher/build install --record /home/a/theimagingsource_ros/build/stereocam_publisher/install.log --single-version-externally-managed
