[0.270s] DEBUG:colcon:Command line arguments: ['/usr/bin/colcon', 'build']
[0.270s] DEBUG:colcon:Parsed command line arguments: Namespace(log_base=None, log_level=None, verb_name='build', build_base='build', install_base='install', merge_install=False, symlink_install=False, test_result_base=None, continue_on_error=False, executor='parallel', parallel_workers=2, event_handlers=None, ignore_user_meta=False, metas=['./colcon.meta'], base_paths=['.'], packages_ignore=None, packages_ignore_regex=None, paths=None, packages_up_to=None, packages_up_to_regex=None, packages_above=None, packages_above_and_dependencies=None, packages_above_depth=None, packages_select_by_dep=None, packages_skip_by_dep=None, packages_skip_up_to=None, packages_select_build_failed=False, packages_skip_build_finished=False, packages_select_test_failures=False, packages_skip_test_passed=False, packages_select=None, packages_skip=None, packages_select_regex=None, packages_skip_regex=None, packages_start=None, packages_end=None, allow_overriding=[], cmake_args=None, cmake_target=None, cmake_target_skip_unavailable=False, cmake_clean_cache=False, cmake_clean_first=False, cmake_force_configure=False, ament_cmake_args=None, catkin_cmake_args=None, catkin_skip_building_tests=False, verb_parser=<colcon_defaults.argument_parser.defaults.DefaultArgumentsDecorator object at 0xffff818d7a30>, verb_extension=<colcon_core.verb.build.BuildVerb object at 0xffff818d74c0>, main=<bound method BuildVerb.main of <colcon_core.verb.build.BuildVerb object at 0xffff818d74c0>>)
[0.285s] Level 1:colcon.colcon_core.package_discovery:discover_packages(colcon_meta) check parameters
[0.285s] Level 1:colcon.colcon_core.package_discovery:discover_packages(recursive) check parameters
[0.285s] Level 1:colcon.colcon_core.package_discovery:discover_packages(ignore) check parameters
[0.285s] Level 1:colcon.colcon_core.package_discovery:discover_packages(path) check parameters
[0.285s] Level 1:colcon.colcon_core.package_discovery:discover_packages(colcon_meta) discover
[0.285s] Level 1:colcon.colcon_core.package_discovery:discover_packages(recursive) discover
[0.285s] INFO:colcon.colcon_core.package_discovery:Crawling recursively for packages in '/home/a/Downloads/Telegram Desktop/ros2_humble_docker/theimagingsource_ros'
[0.285s] Level 1:colcon.colcon_core.package_identification:_identify(.) by extensions ['ignore', 'ignore_ament_install']
[0.285s] Level 1:colcon.colcon_core.package_identification:_identify(.) by extension 'ignore'
[0.285s] Level 1:colcon.colcon_core.package_identification:_identify(.) by extension 'ignore_ament_install'
[0.285s] Level 1:colcon.colcon_core.package_identification:_identify(.) by extensions ['colcon_pkg']
[0.285s] Level 1:colcon.colcon_core.package_identification:_identify(.) by extension 'colcon_pkg'
[0.285s] Level 1:colcon.colcon_core.package_identification:_identify(.) by extensions ['colcon_meta']
[0.285s] Level 1:colcon.colcon_core.package_identification:_identify(.) by extension 'colcon_meta'
[0.285s] Level 1:colcon.colcon_core.package_identification:_identify(.) by extensions ['ros']
[0.285s] Level 1:colcon.colcon_core.package_identification:_identify(.) by extension 'ros'
[0.292s] Level 1:colcon.colcon_core.package_identification:_identify(.) by extensions ['cmake', 'python']
[0.292s] Level 1:colcon.colcon_core.package_identification:_identify(.) by extension 'cmake'
[0.292s] Level 1:colcon.colcon_core.package_identification:_identify(.) by extension 'python'
[0.292s] Level 1:colcon.colcon_core.package_identification:_identify(.) by extensions ['python_setup_py']
[0.292s] Level 1:colcon.colcon_core.package_identification:_identify(.) by extension 'python_setup_py'
[0.292s] Level 1:colcon.colcon_core.package_identification:_identify(build) by extensions ['ignore', 'ignore_ament_install']
[0.292s] Level 1:colcon.colcon_core.package_identification:_identify(build) by extension 'ignore'
[0.292s] Level 1:colcon.colcon_core.package_identification:_identify(build) ignored
[0.292s] Level 1:colcon.colcon_core.package_identification:_identify(config) by extensions ['ignore', 'ignore_ament_install']
[0.292s] Level 1:colcon.colcon_core.package_identification:_identify(config) by extension 'ignore'
[0.292s] Level 1:colcon.colcon_core.package_identification:_identify(config) by extension 'ignore_ament_install'
[0.292s] Level 1:colcon.colcon_core.package_identification:_identify(config) by extensions ['colcon_pkg']
[0.292s] Level 1:colcon.colcon_core.package_identification:_identify(config) by extension 'colcon_pkg'
[0.292s] Level 1:colcon.colcon_core.package_identification:_identify(config) by extensions ['colcon_meta']
[0.292s] Level 1:colcon.colcon_core.package_identification:_identify(config) by extension 'colcon_meta'
[0.292s] Level 1:colcon.colcon_core.package_identification:_identify(config) by extensions ['ros']
[0.292s] Level 1:colcon.colcon_core.package_identification:_identify(config) by extension 'ros'
[0.292s] Level 1:colcon.colcon_core.package_identification:_identify(config) by extensions ['cmake', 'python']
[0.292s] Level 1:colcon.colcon_core.package_identification:_identify(config) by extension 'cmake'
[0.292s] Level 1:colcon.colcon_core.package_identification:_identify(config) by extension 'python'
[0.292s] Level 1:colcon.colcon_core.package_identification:_identify(config) by extensions ['python_setup_py']
[0.292s] Level 1:colcon.colcon_core.package_identification:_identify(config) by extension 'python_setup_py'
[0.292s] Level 1:colcon.colcon_core.package_identification:_identify(docker) by extensions ['ignore', 'ignore_ament_install']
[0.292s] Level 1:colcon.colcon_core.package_identification:_identify(docker) by extension 'ignore'
[0.292s] Level 1:colcon.colcon_core.package_identification:_identify(docker) by extension 'ignore_ament_install'
[0.292s] Level 1:colcon.colcon_core.package_identification:_identify(docker) by extensions ['colcon_pkg']
[0.293s] Level 1:colcon.colcon_core.package_identification:_identify(docker) by extension 'colcon_pkg'
[0.293s] Level 1:colcon.colcon_core.package_identification:_identify(docker) by extensions ['colcon_meta']
[0.293s] Level 1:colcon.colcon_core.package_identification:_identify(docker) by extension 'colcon_meta'
[0.293s] Level 1:colcon.colcon_core.package_identification:_identify(docker) by extensions ['ros']
[0.293s] Level 1:colcon.colcon_core.package_identification:_identify(docker) by extension 'ros'
[0.293s] Level 1:colcon.colcon_core.package_identification:_identify(docker) by extensions ['cmake', 'python']
[0.293s] Level 1:colcon.colcon_core.package_identification:_identify(docker) by extension 'cmake'
[0.293s] Level 1:colcon.colcon_core.package_identification:_identify(docker) by extension 'python'
[0.293s] Level 1:colcon.colcon_core.package_identification:_identify(docker) by extensions ['python_setup_py']
[0.293s] Level 1:colcon.colcon_core.package_identification:_identify(docker) by extension 'python_setup_py'
[0.293s] Level 1:colcon.colcon_core.package_identification:_identify(docker/scripts) by extensions ['ignore', 'ignore_ament_install']
[0.293s] Level 1:colcon.colcon_core.package_identification:_identify(docker/scripts) by extension 'ignore'
[0.293s] Level 1:colcon.colcon_core.package_identification:_identify(docker/scripts) by extension 'ignore_ament_install'
[0.293s] Level 1:colcon.colcon_core.package_identification:_identify(docker/scripts) by extensions ['colcon_pkg']
[0.293s] Level 1:colcon.colcon_core.package_identification:_identify(docker/scripts) by extension 'colcon_pkg'
[0.293s] Level 1:colcon.colcon_core.package_identification:_identify(docker/scripts) by extensions ['colcon_meta']
[0.293s] Level 1:colcon.colcon_core.package_identification:_identify(docker/scripts) by extension 'colcon_meta'
[0.293s] Level 1:colcon.colcon_core.package_identification:_identify(docker/scripts) by extensions ['ros']
[0.293s] Level 1:colcon.colcon_core.package_identification:_identify(docker/scripts) by extension 'ros'
[0.293s] Level 1:colcon.colcon_core.package_identification:_identify(docker/scripts) by extensions ['cmake', 'python']
[0.293s] Level 1:colcon.colcon_core.package_identification:_identify(docker/scripts) by extension 'cmake'
[0.293s] Level 1:colcon.colcon_core.package_identification:_identify(docker/scripts) by extension 'python'
[0.293s] Level 1:colcon.colcon_core.package_identification:_identify(docker/scripts) by extensions ['python_setup_py']
[0.293s] Level 1:colcon.colcon_core.package_identification:_identify(docker/scripts) by extension 'python_setup_py'
[0.293s] Level 1:colcon.colcon_core.package_identification:_identify(install) by extensions ['ignore', 'ignore_ament_install']
[0.293s] Level 1:colcon.colcon_core.package_identification:_identify(install) by extension 'ignore'
[0.293s] Level 1:colcon.colcon_core.package_identification:_identify(install) ignored
[0.293s] Level 1:colcon.colcon_core.package_identification:_identify(launch) by extensions ['ignore', 'ignore_ament_install']
[0.293s] Level 1:colcon.colcon_core.package_identification:_identify(launch) by extension 'ignore'
[0.293s] Level 1:colcon.colcon_core.package_identification:_identify(launch) by extension 'ignore_ament_install'
[0.293s] Level 1:colcon.colcon_core.package_identification:_identify(launch) by extensions ['colcon_pkg']
[0.293s] Level 1:colcon.colcon_core.package_identification:_identify(launch) by extension 'colcon_pkg'
[0.293s] Level 1:colcon.colcon_core.package_identification:_identify(launch) by extensions ['colcon_meta']
[0.293s] Level 1:colcon.colcon_core.package_identification:_identify(launch) by extension 'colcon_meta'
[0.293s] Level 1:colcon.colcon_core.package_identification:_identify(launch) by extensions ['ros']
[0.293s] Level 1:colcon.colcon_core.package_identification:_identify(launch) by extension 'ros'
[0.293s] Level 1:colcon.colcon_core.package_identification:_identify(launch) by extensions ['cmake', 'python']
[0.293s] Level 1:colcon.colcon_core.package_identification:_identify(launch) by extension 'cmake'
[0.293s] Level 1:colcon.colcon_core.package_identification:_identify(launch) by extension 'python'
[0.293s] Level 1:colcon.colcon_core.package_identification:_identify(launch) by extensions ['python_setup_py']
[0.293s] Level 1:colcon.colcon_core.package_identification:_identify(launch) by extension 'python_setup_py'
[0.294s] Level 1:colcon.colcon_core.package_identification:_identify(log) by extensions ['ignore', 'ignore_ament_install']
[0.294s] Level 1:colcon.colcon_core.package_identification:_identify(log) by extension 'ignore'
[0.294s] Level 1:colcon.colcon_core.package_identification:_identify(log) ignored
[0.294s] Level 1:colcon.colcon_core.package_identification:_identify(src) by extensions ['ignore', 'ignore_ament_install']
[0.294s] Level 1:colcon.colcon_core.package_identification:_identify(src) by extension 'ignore'
[0.294s] Level 1:colcon.colcon_core.package_identification:_identify(src) by extension 'ignore_ament_install'
[0.294s] Level 1:colcon.colcon_core.package_identification:_identify(src) by extensions ['colcon_pkg']
[0.294s] Level 1:colcon.colcon_core.package_identification:_identify(src) by extension 'colcon_pkg'
[0.294s] Level 1:colcon.colcon_core.package_identification:_identify(src) by extensions ['colcon_meta']
[0.294s] Level 1:colcon.colcon_core.package_identification:_identify(src) by extension 'colcon_meta'
[0.294s] Level 1:colcon.colcon_core.package_identification:_identify(src) by extensions ['ros']
[0.294s] Level 1:colcon.colcon_core.package_identification:_identify(src) by extension 'ros'
[0.294s] Level 1:colcon.colcon_core.package_identification:_identify(src) by extensions ['cmake', 'python']
[0.294s] Level 1:colcon.colcon_core.package_identification:_identify(src) by extension 'cmake'
[0.294s] Level 1:colcon.colcon_core.package_identification:_identify(src) by extension 'python'
[0.294s] Level 1:colcon.colcon_core.package_identification:_identify(src) by extensions ['python_setup_py']
[0.294s] Level 1:colcon.colcon_core.package_identification:_identify(src) by extension 'python_setup_py'
[0.294s] Level 1:colcon.colcon_core.package_identification:_identify(src/stereocam_publisher) by extensions ['ignore', 'ignore_ament_install']
[0.294s] Level 1:colcon.colcon_core.package_identification:_identify(src/stereocam_publisher) by extension 'ignore'
[0.294s] Level 1:colcon.colcon_core.package_identification:_identify(src/stereocam_publisher) by extension 'ignore_ament_install'
[0.294s] Level 1:colcon.colcon_core.package_identification:_identify(src/stereocam_publisher) by extensions ['colcon_pkg']
[0.294s] Level 1:colcon.colcon_core.package_identification:_identify(src/stereocam_publisher) by extension 'colcon_pkg'
[0.294s] Level 1:colcon.colcon_core.package_identification:_identify(src/stereocam_publisher) by extensions ['colcon_meta']
[0.294s] Level 1:colcon.colcon_core.package_identification:_identify(src/stereocam_publisher) by extension 'colcon_meta'
[0.294s] Level 1:colcon.colcon_core.package_identification:_identify(src/stereocam_publisher) by extensions ['ros']
[0.294s] Level 1:colcon.colcon_core.package_identification:_identify(src/stereocam_publisher) by extension 'ros'
[0.295s] DEBUG:colcon.colcon_core.package_identification:Package 'src/stereocam_publisher' with type 'ros.ament_python' and name 'stereocam_publisher'
[0.296s] Level 1:colcon.colcon_core.package_discovery:discover_packages(recursive) using defaults
[0.296s] Level 1:colcon.colcon_core.package_discovery:discover_packages(ignore) discover
[0.296s] Level 1:colcon.colcon_core.package_discovery:discover_packages(ignore) using defaults
[0.296s] Level 1:colcon.colcon_core.package_discovery:discover_packages(path) discover
[0.296s] Level 1:colcon.colcon_core.package_discovery:discover_packages(path) using defaults
[0.314s] Level 1:colcon.colcon_core.package_discovery:discover_packages(prefix_path) check parameters
[0.315s] Level 1:colcon.colcon_core.package_discovery:discover_packages(prefix_path) discover
[0.316s] WARNING:colcon.colcon_core.prefix_path.colcon:The path '/home/a/Downloads/Telegram Desktop/ros2_humble_docker/theimagingsource_ros/leftcampublisher/install' in the environment variable COLCON_PREFIX_PATH doesn't exist
[0.317s] WARNING:colcon.colcon_ros.prefix_path.ament:The path '/home/a/Downloads/Telegram Desktop/ros2_humble_docker/theimagingsource_ros/install/leftcampublisher' in the environment variable AMENT_PREFIX_PATH doesn't exist
[0.317s] WARNING:colcon.colcon_ros.prefix_path.ament:The path '/home/a/Downloads/Telegram Desktop/ros2_humble_docker/theimagingsource_ros/leftcampublisher/install' in the environment variable AMENT_PREFIX_PATH doesn't exist
[0.318s] DEBUG:colcon.colcon_installed_package_information.package_discovery:Found 0 installed packages in /home/a/Downloads/Telegram Desktop/ros2_humble_docker/theimagingsource_ros/install
[0.320s] DEBUG:colcon.colcon_installed_package_information.package_discovery:Found 277 installed packages in /opt/ros/humble
[0.321s] Level 1:colcon.colcon_core.package_discovery:discover_packages(prefix_path) using defaults
[0.362s] Level 5:colcon.colcon_core.verb:set package 'stereocam_publisher' build argument 'cmake_args' from command line to 'None'
[0.362s] Level 5:colcon.colcon_core.verb:set package 'stereocam_publisher' build argument 'cmake_target' from command line to 'None'
[0.362s] Level 5:colcon.colcon_core.verb:set package 'stereocam_publisher' build argument 'cmake_target_skip_unavailable' from command line to 'False'
[0.362s] Level 5:colcon.colcon_core.verb:set package 'stereocam_publisher' build argument 'cmake_clean_cache' from command line to 'False'
[0.362s] Level 5:colcon.colcon_core.verb:set package 'stereocam_publisher' build argument 'cmake_clean_first' from command line to 'False'
[0.362s] Level 5:colcon.colcon_core.verb:set package 'stereocam_publisher' build argument 'cmake_force_configure' from command line to 'False'
[0.362s] Level 5:colcon.colcon_core.verb:set package 'stereocam_publisher' build argument 'ament_cmake_args' from command line to 'None'
[0.362s] Level 5:colcon.colcon_core.verb:set package 'stereocam_publisher' build argument 'catkin_cmake_args' from command line to 'None'
[0.362s] Level 5:colcon.colcon_core.verb:set package 'stereocam_publisher' build argument 'catkin_skip_building_tests' from command line to 'False'
[0.362s] DEBUG:colcon.colcon_core.verb:Building package 'stereocam_publisher' with the following arguments: {'ament_cmake_args': None, 'build_base': '/home/a/Downloads/Telegram Desktop/ros2_humble_docker/theimagingsource_ros/build/stereocam_publisher', 'catkin_cmake_args': None, 'catkin_skip_building_tests': False, 'cmake_args': None, 'cmake_clean_cache': False, 'cmake_clean_first': False, 'cmake_force_configure': False, 'cmake_target': None, 'cmake_target_skip_unavailable': False, 'install_base': '/home/a/Downloads/Telegram Desktop/ros2_humble_docker/theimagingsource_ros/install/stereocam_publisher', 'merge_install': False, 'path': '/home/a/Downloads/Telegram Desktop/ros2_humble_docker/theimagingsource_ros/src/stereocam_publisher', 'symlink_install': False, 'test_result_base': None}
[0.363s] INFO:colcon.colcon_core.executor:Executing jobs using 'parallel' executor
[0.368s] DEBUG:colcon.colcon_parallel_executor.executor.parallel:run_until_complete
[0.368s] INFO:colcon.colcon_ros.task.ament_python.build:Building ROS package in '/home/a/Downloads/Telegram Desktop/ros2_humble_docker/theimagingsource_ros/src/stereocam_publisher' with build type 'ament_python'
[0.368s] Level 1:colcon.colcon_core.shell:create_environment_hook('stereocam_publisher', 'ament_prefix_path')
[0.372s] INFO:colcon.colcon_core.plugin_system:Skipping extension 'colcon_core.shell.bat': Not used on non-Windows systems
[0.372s] INFO:colcon.colcon_core.shell:Creating environment hook '/home/a/Downloads/Telegram Desktop/ros2_humble_docker/theimagingsource_ros/install/stereocam_publisher/share/stereocam_publisher/hook/ament_prefix_path.ps1'
[0.375s] INFO:colcon.colcon_core.shell:Creating environment descriptor '/home/a/Downloads/Telegram Desktop/ros2_humble_docker/theimagingsource_ros/install/stereocam_publisher/share/stereocam_publisher/hook/ament_prefix_path.dsv'
[0.375s] INFO:colcon.colcon_core.shell:Creating environment hook '/home/a/Downloads/Telegram Desktop/ros2_humble_docker/theimagingsource_ros/install/stereocam_publisher/share/stereocam_publisher/hook/ament_prefix_path.sh'
[0.378s] INFO:colcon.colcon_core.shell:Skip shell extension 'powershell' for command environment: Not usable outside of PowerShell
[0.378s] DEBUG:colcon.colcon_core.shell:Skip shell extension 'dsv' for command environment
[0.550s] INFO:colcon.colcon_core.task.python.build:Building Python package in '/home/a/Downloads/Telegram Desktop/ros2_humble_docker/theimagingsource_ros/src/stereocam_publisher'
[0.552s] INFO:colcon.colcon_core.shell:Skip shell extension 'powershell' for command environment: Not usable outside of PowerShell
[0.552s] DEBUG:colcon.colcon_core.shell:Skip shell extension 'dsv' for command environment
[0.774s] DEBUG:colcon.colcon_core.event_handler.log_command:Invoking command in '/home/a/Downloads/Telegram Desktop/ros2_humble_docker/theimagingsource_ros/src/stereocam_publisher': PYTHONPATH=/home/a/Downloads/Telegram Desktop/ros2_humble_docker/theimagingsource_ros/build/stereocam_publisher/prefix_override:/home/a/Downloads/Telegram Desktop/ros2_humble_docker/theimagingsource_ros/install/stereocam_publisher/lib/python3.10/site-packages:${PYTHONPATH} /usr/bin/python3 setup.py egg_info --egg-base ../../build/stereocam_publisher build --build-base /home/a/Downloads/Telegram Desktop/ros2_humble_docker/theimagingsource_ros/build/stereocam_publisher/build install --record /home/a/Downloads/Telegram Desktop/ros2_humble_docker/theimagingsource_ros/build/stereocam_publisher/install.log --single-version-externally-managed
[0.949s] DEBUG:colcon.colcon_core.event_handler.log_command:Invoked command in '/home/a/Downloads/Telegram Desktop/ros2_humble_docker/theimagingsource_ros/src/stereocam_publisher' returned '0': PYTHONPATH=/home/a/Downloads/Telegram Desktop/ros2_humble_docker/theimagingsource_ros/build/stereocam_publisher/prefix_override:/home/a/Downloads/Telegram Desktop/ros2_humble_docker/theimagingsource_ros/install/stereocam_publisher/lib/python3.10/site-packages:${PYTHONPATH} /usr/bin/python3 setup.py egg_info --egg-base ../../build/stereocam_publisher build --build-base /home/a/Downloads/Telegram Desktop/ros2_humble_docker/theimagingsource_ros/build/stereocam_publisher/build install --record /home/a/Downloads/Telegram Desktop/ros2_humble_docker/theimagingsource_ros/build/stereocam_publisher/install.log --single-version-externally-managed
[0.959s] Level 1:colcon.colcon_core.environment:checking '/home/a/Downloads/Telegram Desktop/ros2_humble_docker/theimagingsource_ros/install/stereocam_publisher' for CMake module files
[0.960s] Level 1:colcon.colcon_core.environment:checking '/home/a/Downloads/Telegram Desktop/ros2_humble_docker/theimagingsource_ros/install/stereocam_publisher' for CMake config files
[0.960s] Level 1:colcon.colcon_core.environment:checking '/home/a/Downloads/Telegram Desktop/ros2_humble_docker/theimagingsource_ros/install/stereocam_publisher/lib'
[0.960s] Level 1:colcon.colcon_core.environment:checking '/home/a/Downloads/Telegram Desktop/ros2_humble_docker/theimagingsource_ros/install/stereocam_publisher/bin'
[0.960s] Level 1:colcon.colcon_core.environment:checking '/home/a/Downloads/Telegram Desktop/ros2_humble_docker/theimagingsource_ros/install/stereocam_publisher/lib/pkgconfig/stereocam_publisher.pc'
[0.960s] Level 1:colcon.colcon_core.environment:checking '/home/a/Downloads/Telegram Desktop/ros2_humble_docker/theimagingsource_ros/install/stereocam_publisher/lib/python3.10/site-packages'
[0.960s] Level 1:colcon.colcon_core.shell:create_environment_hook('stereocam_publisher', 'pythonpath')
[0.962s] INFO:colcon.colcon_core.shell:Creating environment hook '/home/a/Downloads/Telegram Desktop/ros2_humble_docker/theimagingsource_ros/install/stereocam_publisher/share/stereocam_publisher/hook/pythonpath.ps1'
[0.963s] INFO:colcon.colcon_core.shell:Creating environment descriptor '/home/a/Downloads/Telegram Desktop/ros2_humble_docker/theimagingsource_ros/install/stereocam_publisher/share/stereocam_publisher/hook/pythonpath.dsv'
[0.963s] INFO:colcon.colcon_core.shell:Creating environment hook '/home/a/Downloads/Telegram Desktop/ros2_humble_docker/theimagingsource_ros/install/stereocam_publisher/share/stereocam_publisher/hook/pythonpath.sh'
[0.963s] Level 1:colcon.colcon_core.environment:checking '/home/a/Downloads/Telegram Desktop/ros2_humble_docker/theimagingsource_ros/install/stereocam_publisher/bin'
[0.963s] Level 1:colcon.colcon_core.environment:create_environment_scripts_only(stereocam_publisher)
[0.965s] INFO:colcon.colcon_core.shell:Creating package script '/home/a/Downloads/Telegram Desktop/ros2_humble_docker/theimagingsource_ros/install/stereocam_publisher/share/stereocam_publisher/package.ps1'
[0.965s] INFO:colcon.colcon_core.shell:Creating package descriptor '/home/a/Downloads/Telegram Desktop/ros2_humble_docker/theimagingsource_ros/install/stereocam_publisher/share/stereocam_publisher/package.dsv'
[0.966s] INFO:colcon.colcon_core.shell:Creating package script '/home/a/Downloads/Telegram Desktop/ros2_humble_docker/theimagingsource_ros/install/stereocam_publisher/share/stereocam_publisher/package.sh'
[0.966s] INFO:colcon.colcon_core.shell:Creating package script '/home/a/Downloads/Telegram Desktop/ros2_humble_docker/theimagingsource_ros/install/stereocam_publisher/share/stereocam_publisher/package.bash'
[0.967s] INFO:colcon.colcon_core.shell:Creating package script '/home/a/Downloads/Telegram Desktop/ros2_humble_docker/theimagingsource_ros/install/stereocam_publisher/share/stereocam_publisher/package.zsh'
[0.968s] Level 1:colcon.colcon_core.environment:create_file_with_runtime_dependencies(/home/a/Downloads/Telegram Desktop/ros2_humble_docker/theimagingsource_ros/install/stereocam_publisher/share/colcon-core/packages/stereocam_publisher)
[0.968s] DEBUG:colcon.colcon_parallel_executor.executor.parallel:closing loop
[0.968s] DEBUG:colcon.colcon_parallel_executor.executor.parallel:loop closed
[0.968s] DEBUG:colcon.colcon_parallel_executor.executor.parallel:run_until_complete finished with '0'
[0.969s] DEBUG:colcon.colcon_core.event_reactor:joining thread
[0.974s] INFO:colcon.colcon_core.plugin_system:Skipping extension 'colcon_notification.desktop_notification.terminal_notifier': Not used on non-Darwin systems
[0.974s] INFO:colcon.colcon_core.plugin_system:Skipping extension 'colcon_notification.desktop_notification.win32': Not used on non-Windows systems
[0.974s] INFO:colcon.colcon_notification.desktop_notification:Sending desktop notification using 'notify2'
[0.987s] DEBUG:colcon.colcon_core.event_reactor:joined thread
[0.989s] INFO:colcon.colcon_core.shell:Creating prefix script '/home/a/Downloads/Telegram Desktop/ros2_humble_docker/theimagingsource_ros/install/local_setup.ps1'
[0.990s] INFO:colcon.colcon_core.shell:Creating prefix util module '/home/a/Downloads/Telegram Desktop/ros2_humble_docker/theimagingsource_ros/install/_local_setup_util_ps1.py'
[0.990s] INFO:colcon.colcon_core.shell:Creating prefix chain script '/home/a/Downloads/Telegram Desktop/ros2_humble_docker/theimagingsource_ros/install/setup.ps1'
[0.992s] INFO:colcon.colcon_core.shell:Creating prefix script '/home/a/Downloads/Telegram Desktop/ros2_humble_docker/theimagingsource_ros/install/local_setup.sh'
[0.993s] INFO:colcon.colcon_core.shell:Creating prefix util module '/home/a/Downloads/Telegram Desktop/ros2_humble_docker/theimagingsource_ros/install/_local_setup_util_sh.py'
[0.993s] INFO:colcon.colcon_core.shell:Creating prefix chain script '/home/a/Downloads/Telegram Desktop/ros2_humble_docker/theimagingsource_ros/install/setup.sh'
[0.995s] INFO:colcon.colcon_core.shell:Creating prefix script '/home/a/Downloads/Telegram Desktop/ros2_humble_docker/theimagingsource_ros/install/local_setup.bash'
[0.996s] INFO:colcon.colcon_core.shell:Creating prefix chain script '/home/a/Downloads/Telegram Desktop/ros2_humble_docker/theimagingsource_ros/install/setup.bash'
[0.998s] INFO:colcon.colcon_core.shell:Creating prefix script '/home/a/Downloads/Telegram Desktop/ros2_humble_docker/theimagingsource_ros/install/local_setup.zsh'
[0.998s] INFO:colcon.colcon_core.shell:Creating prefix chain script '/home/a/Downloads/Telegram Desktop/ros2_humble_docker/theimagingsource_ros/install/setup.zsh'
