running egg_info
creating ../../build/stereocam_publisher/stereocam_publisher.egg-info
writing ../../build/stereocam_publisher/stereocam_publisher.egg-info/PKG-INFO
writing dependency_links to ../../build/stereocam_publisher/stereocam_publisher.egg-info/dependency_links.txt
writing entry points to ../../build/stereocam_publisher/stereocam_publisher.egg-info/entry_points.txt
writing requirements to ../../build/stereocam_publisher/stereocam_publisher.egg-info/requires.txt
writing top-level names to ../../build/stereocam_publisher/stereocam_publisher.egg-info/top_level.txt
writing manifest file '../../build/stereocam_publisher/stereocam_publisher.egg-info/SOURCES.txt'
reading manifest file '../../build/stereocam_publisher/stereocam_publisher.egg-info/SOURCES.txt'
writing manifest file '../../build/stereocam_publisher/stereocam_publisher.egg-info/SOURCES.txt'
running build
running build_py
creating /home/a/theimagingsource_ros/build/stereocam_publisher/build
creating /home/a/theimagingsource_ros/build/stereocam_publisher/build/lib
creating /home/a/theimagingsource_ros/build/stereocam_publisher/build/lib/stereocam_publisher
copying stereocam_publisher/TIS.py -> /home/a/theimagingsource_ros/build/stereocam_publisher/build/lib/stereocam_publisher
copying stereocam_publisher/__init__.py -> /home/a/theimagingsource_ros/build/stereocam_publisher/build/lib/stereocam_publisher
copying stereocam_publisher/stereocam_publisher.py -> /home/a/theimagingsource_ros/build/stereocam_publisher/build/lib/stereocam_publisher
running install
running install_lib
creating /home/a/theimagingsource_ros/install/stereocam_publisher/lib/python3.10/site-packages/stereocam_publisher
copying /home/a/theimagingsource_ros/build/stereocam_publisher/build/lib/stereocam_publisher/TIS.py -> /home/a/theimagingsource_ros/install/stereocam_publisher/lib/python3.10/site-packages/stereocam_publisher
copying /home/a/theimagingsource_ros/build/stereocam_publisher/build/lib/stereocam_publisher/__init__.py -> /home/a/theimagingsource_ros/install/stereocam_publisher/lib/python3.10/site-packages/stereocam_publisher
copying /home/a/theimagingsource_ros/build/stereocam_publisher/build/lib/stereocam_publisher/stereocam_publisher.py -> /home/a/theimagingsource_ros/install/stereocam_publisher/lib/python3.10/site-packages/stereocam_publisher
byte-compiling /home/a/theimagingsource_ros/install/stereocam_publisher/lib/python3.10/site-packages/stereocam_publisher/TIS.py to TIS.cpython-310.pyc
byte-compiling /home/a/theimagingsource_ros/install/stereocam_publisher/lib/python3.10/site-packages/stereocam_publisher/__init__.py to __init__.cpython-310.pyc
byte-compiling /home/a/theimagingsource_ros/install/stereocam_publisher/lib/python3.10/site-packages/stereocam_publisher/stereocam_publisher.py to stereocam_publisher.cpython-310.pyc
running install_data
creating /home/a/theimagingsource_ros/install/stereocam_publisher/share/ament_index
creating /home/a/theimagingsource_ros/install/stereocam_publisher/share/ament_index/resource_index
creating /home/a/theimagingsource_ros/install/stereocam_publisher/share/ament_index/resource_index/packages
copying resource/stereocam_publisher -> /home/a/theimagingsource_ros/install/stereocam_publisher/share/ament_index/resource_index/packages
copying package.xml -> /home/a/theimagingsource_ros/install/stereocam_publisher/share/stereocam_publisher
creating /home/a/theimagingsource_ros/install/stereocam_publisher/share/stereocam_publisher/launch
copying launch/launch.py -> /home/a/theimagingsource_ros/install/stereocam_publisher/share/stereocam_publisher/launch
running install_egg_info
Copying ../../build/stereocam_publisher/stereocam_publisher.egg-info to /home/a/theimagingsource_ros/install/stereocam_publisher/lib/python3.10/site-packages/stereocam_publisher-0.0.0-py3.10.egg-info
running install_scripts
Installing leftcamera_publisher script to /home/a/theimagingsource_ros/install/stereocam_publisher/lib/stereocam_publisher
Installing rightcamera_publisher script to /home/a/theimagingsource_ros/install/stereocam_publisher/lib/stereocam_publisher
writing list of installed files to '/home/a/theimagingsource_ros/build/stereocam_publisher/install.log'
