[0.346s] Invoking command in '/home/a/Downloads/Telegram Desktop/ros2_humble_docker/theimagingsource_ros/leftcampublisher': PYTHONPATH=/home/a/Downloads/Telegram Desktop/ros2_humble_docker/theimagingsource_ros/leftcampublisher/build/leftcampublisher/prefix_override:/home/a/Downloads/Telegram Desktop/ros2_humble_docker/theimagingsource_ros/leftcampublisher/install/lib/python3.10/site-packages:${PYTHONPATH} /usr/bin/python3 setup.py egg_info --egg-base build/leftcampublisher build --build-base /home/a/Downloads/Telegram Desktop/ros2_humble_docker/theimagingsource_ros/leftcampublisher/build/leftcampublisher/build install --record /home/a/Downloads/Telegram Desktop/ros2_humble_docker/theimagingsource_ros/leftcampublisher/build/leftcampublisher/install.log --single-version-externally-managed
[0.454s] running egg_info
[0.455s] writing build/leftcampublisher/leftcampublisher.egg-info/PKG-INFO
[0.455s] writing dependency_links to build/leftcampublisher/leftcampublisher.egg-info/dependency_links.txt
[0.455s] writing entry points to build/leftcampublisher/leftcampublisher.egg-info/entry_points.txt
[0.455s] writing requirements to build/leftcampublisher/leftcampublisher.egg-info/requires.txt
[0.455s] writing top-level names to build/leftcampublisher/leftcampublisher.egg-info/top_level.txt
[0.457s] reading manifest file 'build/leftcampublisher/leftcampublisher.egg-info/SOURCES.txt'
[0.457s] writing manifest file 'build/leftcampublisher/leftcampublisher.egg-info/SOURCES.txt'
[0.457s] running build
[0.457s] running build_py
[0.457s] running install
[0.457s] running install_lib
[0.457s] creating /home/a/Downloads/Telegram Desktop/ros2_humble_docker/theimagingsource_ros/leftcampublisher/install/lib/python3.10/site-packages/leftcampublisher
[0.457s] copying /home/a/Downloads/Telegram Desktop/ros2_humble_docker/theimagingsource_ros/leftcampublisher/build/leftcampublisher/build/lib/leftcampublisher/leftcam_publisher.py -> /home/a/Downloads/Telegram Desktop/ros2_humble_docker/theimagingsource_ros/leftcampublisher/install/lib/python3.10/site-packages/leftcampublisher
[0.458s] copying /home/a/Downloads/Telegram Desktop/ros2_humble_docker/theimagingsource_ros/leftcampublisher/build/leftcampublisher/build/lib/leftcampublisher/__init__.py -> /home/a/Downloads/Telegram Desktop/ros2_humble_docker/theimagingsource_ros/leftcampublisher/install/lib/python3.10/site-packages/leftcampublisher
[0.458s] byte-compiling /home/a/Downloads/Telegram Desktop/ros2_humble_docker/theimagingsource_ros/leftcampublisher/install/lib/python3.10/site-packages/leftcampublisher/leftcam_publisher.py to leftcam_publisher.cpython-310.pyc
[0.458s] byte-compiling /home/a/Downloads/Telegram Desktop/ros2_humble_docker/theimagingsource_ros/leftcampublisher/install/lib/python3.10/site-packages/leftcampublisher/__init__.py to __init__.cpython-310.pyc
[0.458s] running install_data
[0.458s] /usr/lib/python3/dist-packages/setuptools/command/install.py:34: SetuptoolsDeprecationWarning: setup.py install is deprecated. Use build and pip and other standards-based tools.
[0.458s]   warnings.warn(
[0.458s] creating /home/a/Downloads/Telegram Desktop/ros2_humble_docker/theimagingsource_ros/leftcampublisher/install/share/ament_index
[0.459s] creating /home/a/Downloads/Telegram Desktop/ros2_humble_docker/theimagingsource_ros/leftcampublisher/install/share/ament_index/resource_index
[0.459s] creating /home/a/Downloads/Telegram Desktop/ros2_humble_docker/theimagingsource_ros/leftcampublisher/install/share/ament_index/resource_index/packages
[0.459s] copying resource/leftcampublisher -> /home/a/Downloads/Telegram Desktop/ros2_humble_docker/theimagingsource_ros/leftcampublisher/install/share/ament_index/resource_index/packages
[0.459s] copying package.xml -> /home/a/Downloads/Telegram Desktop/ros2_humble_docker/theimagingsource_ros/leftcampublisher/install/share/leftcampublisher
[0.459s] creating /home/a/Downloads/Telegram Desktop/ros2_humble_docker/theimagingsource_ros/leftcampublisher/install/share/leftcampublisher/launch
[0.459s] copying launch/launch.yaml -> /home/a/Downloads/Telegram Desktop/ros2_humble_docker/theimagingsource_ros/leftcampublisher/install/share/leftcampublisher/launch
[0.459s] running install_egg_info
[0.459s] Copying build/leftcampublisher/leftcampublisher.egg-info to /home/a/Downloads/Telegram Desktop/ros2_humble_docker/theimagingsource_ros/leftcampublisher/install/lib/python3.10/site-packages/leftcampublisher-0.0.0-py3.10.egg-info
[0.460s] running install_scripts
[0.472s] writing list of installed files to '/home/a/Downloads/Telegram Desktop/ros2_humble_docker/theimagingsource_ros/leftcampublisher/build/leftcampublisher/install.log'
[0.497s] Invoked command in '/home/a/Downloads/Telegram Desktop/ros2_humble_docker/theimagingsource_ros/leftcampublisher' returned '0': PYTHONPATH=/home/a/Downloads/Telegram Desktop/ros2_humble_docker/theimagingsource_ros/leftcampublisher/build/leftcampublisher/prefix_override:/home/a/Downloads/Telegram Desktop/ros2_humble_docker/theimagingsource_ros/leftcampublisher/install/lib/python3.10/site-packages:${PYTHONPATH} /usr/bin/python3 setup.py egg_info --egg-base build/leftcampublisher build --build-base /home/a/Downloads/Telegram Desktop/ros2_humble_docker/theimagingsource_ros/leftcampublisher/build/leftcampublisher/build install --record /home/a/Downloads/Telegram Desktop/ros2_humble_docker/theimagingsource_ros/leftcampublisher/build/leftcampublisher/install.log --single-version-externally-managed
