[0.338s] Invoking command in '/home/a/Downloads/Telegram Desktop/ros2_humble_docker/theimagingsource_ros/src/stereocam_publisher': PYTHONPATH=/home/a/Downloads/Telegram Desktop/ros2_humble_docker/theimagingsource_ros/build/stereocam_publisher/prefix_override:/home/a/Downloads/Telegram Desktop/ros2_humble_docker/theimagingsource_ros/install/stereocam_publisher/lib/python3.10/site-packages:${PYTHONPATH} /usr/bin/python3 setup.py egg_info --egg-base ../../build/stereocam_publisher build --build-base /home/a/Downloads/Telegram Desktop/ros2_humble_docker/theimagingsource_ros/build/stereocam_publisher/build install --record /home/a/Downloads/Telegram Desktop/ros2_humble_docker/theimagingsource_ros/build/stereocam_publisher/install.log --single-version-externally-managed
[0.460s] running egg_info
[0.461s] writing ../../build/stereocam_publisher/stereocam_publisher.egg-info/PKG-INFO
[0.461s] writing dependency_links to ../../build/stereocam_publisher/stereocam_publisher.egg-info/dependency_links.txt
[0.461s] writing entry points to ../../build/stereocam_publisher/stereocam_publisher.egg-info/entry_points.txt
[0.461s] writing requirements to ../../build/stereocam_publisher/stereocam_publisher.egg-info/requires.txt
[0.461s] writing top-level names to ../../build/stereocam_publisher/stereocam_publisher.egg-info/top_level.txt
[0.462s] reading manifest file '../../build/stereocam_publisher/stereocam_publisher.egg-info/SOURCES.txt'
[0.462s] writing manifest file '../../build/stereocam_publisher/stereocam_publisher.egg-info/SOURCES.txt'
[0.462s] running build
[0.462s] running build_py
[0.463s] running install
[0.463s] running install_lib
[0.463s] running install_data
[0.463s] running install_egg_info
[0.463s] removing '/home/a/Downloads/Telegram Desktop/ros2_humble_docker/theimagingsource_ros/install/stereocam_publisher/lib/python3.10/site-packages/stereocam_publisher-0.0.0-py3.10.egg-info' (and everything under it)
[0.463s] Copying ../../build/stereocam_publisher/stereocam_publisher.egg-info to /home/a/Downloads/Telegram Desktop/ros2_humble_docker/theimagingsource_ros/install/stereocam_publisher/lib/python3.10/site-packages/stereocam_publisher-0.0.0-py3.10.egg-info
[0.465s] running install_scripts
[0.474s] writing list of installed files to '/home/a/Downloads/Telegram Desktop/ros2_humble_docker/theimagingsource_ros/build/stereocam_publisher/install.log'
[0.495s] Invoked command in '/home/a/Downloads/Telegram Desktop/ros2_humble_docker/theimagingsource_ros/src/stereocam_publisher' returned '0': PYTHONPATH=/home/a/Downloads/Telegram Desktop/ros2_humble_docker/theimagingsource_ros/build/stereocam_publisher/prefix_override:/home/a/Downloads/Telegram Desktop/ros2_humble_docker/theimagingsource_ros/install/stereocam_publisher/lib/python3.10/site-packages:${PYTHONPATH} /usr/bin/python3 setup.py egg_info --egg-base ../../build/stereocam_publisher build --build-base /home/a/Downloads/Telegram Desktop/ros2_humble_docker/theimagingsource_ros/build/stereocam_publisher/build install --record /home/a/Downloads/Telegram Desktop/ros2_humble_docker/theimagingsource_ros/build/stereocam_publisher/install.log --single-version-externally-managed
