[0.279s] Invoking command in '/home/a/Downloads/Telegram Desktop/ros2_humble_docker/theimagingsource_ros/leftcampublisher': PYTHONPATH=/home/a/Downloads/Telegram Desktop/ros2_humble_docker/theimagingsource_ros/leftcampublisher/build/leftcampublisher/prefix_override:/home/a/Downloads/Telegram Desktop/ros2_humble_docker/theimagingsource_ros/leftcampublisher/install/leftcampublisher/lib/python3.10/site-packages:${PYTHONPATH} /usr/bin/python3 setup.py egg_info --egg-base build/leftcampublisher build --build-base /home/a/Downloads/Telegram Desktop/ros2_humble_docker/theimagingsource_ros/leftcampublisher/build/leftcampublisher/build install --record /home/a/Downloads/Telegram Desktop/ros2_humble_docker/theimagingsource_ros/leftcampublisher/build/leftcampublisher/install.log --single-version-externally-managed
[0.390s] running egg_info
[0.391s] writing build/leftcampublisher/leftcampublisher.egg-info/PKG-INFO
[0.391s] writing dependency_links to build/leftcampublisher/leftcampublisher.egg-info/dependency_links.txt
[0.391s] writing entry points to build/leftcampublisher/leftcampublisher.egg-info/entry_points.txt
[0.391s] writing requirements to build/leftcampublisher/leftcampublisher.egg-info/requires.txt
[0.391s] writing top-level names to build/leftcampublisher/leftcampublisher.egg-info/top_level.txt
[0.392s] reading manifest file 'build/leftcampublisher/leftcampublisher.egg-info/SOURCES.txt'
[0.392s] writing manifest file 'build/leftcampublisher/leftcampublisher.egg-info/SOURCES.txt'
[0.393s] running build
[0.393s] running build_py
[0.393s] running install
[0.393s] /usr/lib/python3/dist-packages/setuptools/command/install.py:34: SetuptoolsDeprecationWarning: setup.py install is deprecated. Use build and pip and other standards-based tools.
[0.393s]   warnings.warn(
[0.393s] running install_lib
[0.394s] running install_data
[0.394s] running install_egg_info
[0.395s] removing '/home/a/Downloads/Telegram Desktop/ros2_humble_docker/theimagingsource_ros/leftcampublisher/install/leftcampublisher/lib/python3.10/site-packages/leftcampublisher-0.0.0-py3.10.egg-info' (and everything under it)
[0.395s] Copying build/leftcampublisher/leftcampublisher.egg-info to /home/a/Downloads/Telegram Desktop/ros2_humble_docker/theimagingsource_ros/leftcampublisher/install/leftcampublisher/lib/python3.10/site-packages/leftcampublisher-0.0.0-py3.10.egg-info
[0.395s] running install_scripts
[0.407s] writing list of installed files to '/home/a/Downloads/Telegram Desktop/ros2_humble_docker/theimagingsource_ros/leftcampublisher/build/leftcampublisher/install.log'
[0.427s] Invoked command in '/home/a/Downloads/Telegram Desktop/ros2_humble_docker/theimagingsource_ros/leftcampublisher' returned '0': PYTHONPATH=/home/a/Downloads/Telegram Desktop/ros2_humble_docker/theimagingsource_ros/leftcampublisher/build/leftcampublisher/prefix_override:/home/a/Downloads/Telegram Desktop/ros2_humble_docker/theimagingsource_ros/leftcampublisher/install/leftcampublisher/lib/python3.10/site-packages:${PYTHONPATH} /usr/bin/python3 setup.py egg_info --egg-base build/leftcampublisher build --build-base /home/a/Downloads/Telegram Desktop/ros2_humble_docker/theimagingsource_ros/leftcampublisher/build/leftcampublisher/build install --record /home/a/Downloads/Telegram Desktop/ros2_humble_docker/theimagingsource_ros/leftcampublisher/build/leftcampublisher/install.log --single-version-externally-managed
