[0.295s] Invoking command in '/home/a/Downloads/Telegram Desktop/ros2_humble_docker/theimagingsource_ros/leftcampublisher': PYTHONPATH=/home/a/Downloads/Telegram Desktop/ros2_humble_docker/theimagingsource_ros/leftcampublisher/build/leftcampublisher/prefix_override:/home/a/Downloads/Telegram Desktop/ros2_humble_docker/theimagingsource_ros/leftcampublisher/install/leftcampublisher/lib/python3.10/site-packages:${PYTHONPATH} /usr/bin/python3 setup.py egg_info --egg-base build/leftcampublisher build --build-base /home/a/Downloads/Telegram Desktop/ros2_humble_docker/theimagingsource_ros/leftcampublisher/build/leftcampublisher/build install --record /home/a/Downloads/Telegram Desktop/ros2_humble_docker/theimagingsource_ros/leftcampublisher/build/leftcampublisher/install.log --single-version-externally-managed
[0.437s] running egg_info
[0.438s] creating build/leftcampublisher/leftcampublisher.egg-info
[0.438s] writing build/leftcampublisher/leftcampublisher.egg-info/PKG-INFO
[0.438s] writing dependency_links to build/leftcampublisher/leftcampublisher.egg-info/dependency_links.txt
[0.438s] writing entry points to build/leftcampublisher/leftcampublisher.egg-info/entry_points.txt
[0.438s] writing requirements to build/leftcampublisher/leftcampublisher.egg-info/requires.txt
[0.438s] writing top-level names to build/leftcampublisher/leftcampublisher.egg-info/top_level.txt
[0.438s] writing manifest file 'build/leftcampublisher/leftcampublisher.egg-info/SOURCES.txt'
[0.439s] package init file 'leftcampublisher/__init__.py' not found (or not a regular file)
[0.439s] reading manifest file 'build/leftcampublisher/leftcampublisher.egg-info/SOURCES.txt'
[0.440s] writing manifest file 'build/leftcampublisher/leftcampublisher.egg-info/SOURCES.txt'
[0.440s] running build
[0.440s] running build_py
[0.440s] creating /home/a/Downloads/Telegram Desktop/ros2_humble_docker/theimagingsource_ros/leftcampublisher/build/leftcampublisher/build
[0.440s] creating /home/a/Downloads/Telegram Desktop/ros2_humble_docker/theimagingsource_ros/leftcampublisher/build/leftcampublisher/build/lib
[0.440s] creating /home/a/Downloads/Telegram Desktop/ros2_humble_docker/theimagingsource_ros/leftcampublisher/build/leftcampublisher/build/lib/leftcampublisher
[0.440s] copying leftcampublisher/leftcam_publisher.py -> /home/a/Downloads/Telegram Desktop/ros2_humble_docker/theimagingsource_ros/leftcampublisher/build/leftcampublisher/build/lib/leftcampublisher
[0.440s] running install
[0.441s] /usr/lib/python3/dist-packages/setuptools/command/install.py:34: SetuptoolsDeprecationWarning: setup.py install is deprecated. Use build and pip and other standards-based tools.
[0.441s]   warnings.warn(
[0.441s] running install_lib
[0.441s] creating /home/a/Downloads/Telegram Desktop/ros2_humble_docker/theimagingsource_ros/leftcampublisher/install/leftcampublisher/lib/python3.10/site-packages/leftcampublisher
[0.441s] copying /home/a/Downloads/Telegram Desktop/ros2_humble_docker/theimagingsource_ros/leftcampublisher/build/leftcampublisher/build/lib/leftcampublisher/leftcam_publisher.py -> /home/a/Downloads/Telegram Desktop/ros2_humble_docker/theimagingsource_ros/leftcampublisher/install/leftcampublisher/lib/python3.10/site-packages/leftcampublisher
[0.441s] byte-compiling /home/a/Downloads/Telegram Desktop/ros2_humble_docker/theimagingsource_ros/leftcampublisher/install/leftcampublisher/lib/python3.10/site-packages/leftcampublisher/leftcam_publisher.py to leftcam_publisher.cpython-310.pyc
[0.442s] running install_data
[0.442s] creating /home/a/Downloads/Telegram Desktop/ros2_humble_docker/theimagingsource_ros/leftcampublisher/install/leftcampublisher/share
[0.442s] creating /home/a/Downloads/Telegram Desktop/ros2_humble_docker/theimagingsource_ros/leftcampublisher/install/leftcampublisher/share/ament_index
[0.442s] creating /home/a/Downloads/Telegram Desktop/ros2_humble_docker/theimagingsource_ros/leftcampublisher/install/leftcampublisher/share/ament_index/resource_index
[0.443s] creating /home/a/Downloads/Telegram Desktop/ros2_humble_docker/theimagingsource_ros/leftcampublisher/install/leftcampublisher/share/ament_index/resource_index/packages
[0.443s] error: can't copy 'resource/leftcampublisher': doesn't exist or not a regular file
[0.453s] Invoked command in '/home/a/Downloads/Telegram Desktop/ros2_humble_docker/theimagingsource_ros/leftcampublisher' returned '1': PYTHONPATH=/home/a/Downloads/Telegram Desktop/ros2_humble_docker/theimagingsource_ros/leftcampublisher/build/leftcampublisher/prefix_override:/home/a/Downloads/Telegram Desktop/ros2_humble_docker/theimagingsource_ros/leftcampublisher/install/leftcampublisher/lib/python3.10/site-packages:${PYTHONPATH} /usr/bin/python3 setup.py egg_info --egg-base build/leftcampublisher build --build-base /home/a/Downloads/Telegram Desktop/ros2_humble_docker/theimagingsource_ros/leftcampublisher/build/leftcampublisher/build install --record /home/a/Downloads/Telegram Desktop/ros2_humble_docker/theimagingsource_ros/leftcampublisher/build/leftcampublisher/install.log --single-version-externally-managed
