running egg_info
writing build/leftcampublisher/leftcampublisher.egg-info/PKG-INFO
writing dependency_links to build/leftcampublisher/leftcampublisher.egg-info/dependency_links.txt
writing entry points to build/leftcampublisher/leftcampublisher.egg-info/entry_points.txt
writing requirements to build/leftcampublisher/leftcampublisher.egg-info/requires.txt
writing top-level names to build/leftcampublisher/leftcampublisher.egg-info/top_level.txt
reading manifest file 'build/leftcampublisher/leftcampublisher.egg-info/SOURCES.txt'
writing manifest file 'build/leftcampublisher/leftcampublisher.egg-info/SOURCES.txt'
running build
running build_py
running install
/usr/lib/python3/dist-packages/setuptools/command/install.py:34: SetuptoolsDeprecationWarning: setup.py install is deprecated. Use build and pip and other standards-based tools.
  warnings.warn(
running install_lib
running install_data
creating /home/a/Downloads/Telegram Desktop/ros2_humble_docker/theimagingsource_ros/leftcampublisher/install/leftcampublisher/share/leftcampublisher/launch
copying launch/launch.yaml -> /home/a/Downloads/Telegram Desktop/ros2_humble_docker/theimagingsource_ros/leftcampublisher/install/leftcampublisher/share/leftcampublisher/launch
running install_egg_info
removing '/home/a/Downloads/Telegram Desktop/ros2_humble_docker/theimagingsource_ros/leftcampublisher/install/leftcampublisher/lib/python3.10/site-packages/leftcampublisher-0.0.0-py3.10.egg-info' (and everything under it)
Copying build/leftcampublisher/leftcampublisher.egg-info to /home/a/Downloads/Telegram Desktop/ros2_humble_docker/theimagingsource_ros/leftcampublisher/install/leftcampublisher/lib/python3.10/site-packages/leftcampublisher-0.0.0-py3.10.egg-info
running install_scripts
writing list of installed files to '/home/a/Downloads/Telegram Desktop/ros2_humble_docker/theimagingsource_ros/leftcampublisher/build/leftcampublisher/install.log'
