[0.304s] Invoking command in '/home/a/Downloads/Telegram Desktop/ros2_humble_docker/theimagingsource_ros/leftcampublisher': PYTHONPATH=/home/a/Downloads/Telegram Desktop/ros2_humble_docker/theimagingsource_ros/leftcampublisher/build/leftcampublisher/prefix_override:/home/a/Downloads/Telegram Desktop/ros2_humble_docker/theimagingsource_ros/leftcampublisher/install/leftcampublisher/lib/python3.10/site-packages:${PYTHONPATH} /usr/bin/python3 setup.py egg_info --egg-base build/leftcampublisher build --build-base /home/a/Downloads/Telegram Desktop/ros2_humble_docker/theimagingsource_ros/leftcampublisher/build/leftcampublisher/build install --record /home/a/Downloads/Telegram Desktop/ros2_humble_docker/theimagingsource_ros/leftcampublisher/build/leftcampublisher/install.log --single-version-externally-managed
[0.424s] running egg_info
[0.424s] writing build/leftcampublisher/leftcampublisher.egg-info/PKG-INFO
[0.424s] writing dependency_links to build/leftcampublisher/leftcampublisher.egg-info/dependency_links.txt
[0.424s] writing entry points to build/leftcampublisher/leftcampublisher.egg-info/entry_points.txt
[0.424s] writing requirements to build/leftcampublisher/leftcampublisher.egg-info/requires.txt
[0.424s] writing top-level names to build/leftcampublisher/leftcampublisher.egg-info/top_level.txt
[0.425s] reading manifest file 'build/leftcampublisher/leftcampublisher.egg-info/SOURCES.txt'
[0.426s] writing manifest file 'build/leftcampublisher/leftcampublisher.egg-info/SOURCES.txt'
[0.426s] running build
[0.426s] running build_py
[0.426s] copying leftcampublisher/__init__.py -> /home/a/Downloads/Telegram Desktop/ros2_humble_docker/theimagingsource_ros/leftcampublisher/build/leftcampublisher/build/lib/leftcampublisher
[0.426s] running install
[0.426s] /usr/lib/python3/dist-packages/setuptools/command/install.py:34: SetuptoolsDeprecationWarning: setup.py install is deprecated. Use build and pip and other standards-based tools.
[0.426s]   warnings.warn(
[0.426s] running install_lib
[0.427s] copying /home/a/Downloads/Telegram Desktop/ros2_humble_docker/theimagingsource_ros/leftcampublisher/build/leftcampublisher/build/lib/leftcampublisher/__init__.py -> /home/a/Downloads/Telegram Desktop/ros2_humble_docker/theimagingsource_ros/leftcampublisher/install/leftcampublisher/lib/python3.10/site-packages/leftcampublisher
[0.427s] byte-compiling /home/a/Downloads/Telegram Desktop/ros2_humble_docker/theimagingsource_ros/leftcampublisher/install/leftcampublisher/lib/python3.10/site-packages/leftcampublisher/__init__.py to __init__.cpython-310.pyc
[0.427s] running install_data
[0.428s] copying resource/leftcampublisher -> /home/a/Downloads/Telegram Desktop/ros2_humble_docker/theimagingsource_ros/leftcampublisher/install/leftcampublisher/share/ament_index/resource_index/packages
[0.428s] creating /home/a/Downloads/Telegram Desktop/ros2_humble_docker/theimagingsource_ros/leftcampublisher/install/leftcampublisher/share/leftcampublisher
[0.428s] copying package.xml -> /home/a/Downloads/Telegram Desktop/ros2_humble_docker/theimagingsource_ros/leftcampublisher/install/leftcampublisher/share/leftcampublisher
[0.428s] running install_egg_info
[0.428s] Copying build/leftcampublisher/leftcampublisher.egg-info to /home/a/Downloads/Telegram Desktop/ros2_humble_docker/theimagingsource_ros/leftcampublisher/install/leftcampublisher/lib/python3.10/site-packages/leftcampublisher-0.0.0-py3.10.egg-info
[0.429s] running install_scripts
[0.440s] writing list of installed files to '/home/a/Downloads/Telegram Desktop/ros2_humble_docker/theimagingsource_ros/leftcampublisher/build/leftcampublisher/install.log'
[0.457s] Invoked command in '/home/a/Downloads/Telegram Desktop/ros2_humble_docker/theimagingsource_ros/leftcampublisher' returned '0': PYTHONPATH=/home/a/Downloads/Telegram Desktop/ros2_humble_docker/theimagingsource_ros/leftcampublisher/build/leftcampublisher/prefix_override:/home/a/Downloads/Telegram Desktop/ros2_humble_docker/theimagingsource_ros/leftcampublisher/install/leftcampublisher/lib/python3.10/site-packages:${PYTHONPATH} /usr/bin/python3 setup.py egg_info --egg-base build/leftcampublisher build --build-base /home/a/Downloads/Telegram Desktop/ros2_humble_docker/theimagingsource_ros/leftcampublisher/build/leftcampublisher/build install --record /home/a/Downloads/Telegram Desktop/ros2_humble_docker/theimagingsource_ros/leftcampublisher/build/leftcampublisher/install.log --single-version-externally-managed
